Arguments: 
  C:\dev\apps\nodejs\node.exe C:\Users\jmroo\AppData\Roaming\npm\node_modules\yarn\bin\yarn.js add -D @smui

PATH: 
  C:\dev\apps\git\mingw64\bin;C:\dev\apps\git\usr\bin;C:\Users\jmroo\bin;C:\Program Files\Oculus\Support\oculus-runtime;C:\Python310\Scripts;C:\Python310;C:\Windows\system32;C:\Windows;C:\Windows\System32\Wbem;C:\Windows\System32\WindowsPowerShell\v1.0;C:\Windows\System32\OpenSSH;C:\Program Files (x86)\NVIDIA Corporation\PhysX\Common;C:\Program Files\NVIDIA Corporation\NVIDIA NvDLISR;C:\dev\apps\git\cmd;C:\dev\apps\nodejs;C:\ProgramData\chocolatey\bin;C:\Users\jmroo\AppData\Local\Microsoft\WindowsApps;C:\dev\apps\vscode\bin;C:\Users\jmroo\AppData\Roaming\npm

Yarn version: 
  1.22.18

Node version: 
  16.14.2

Platform: 
  win32 x64

Trace: 
  Error: https://registry.yarnpkg.com/@smui: Request "https://registry.yarnpkg.com/@smui" returned a 405
      at Request.params.callback [as _callback] (C:\Users\jmroo\AppData\Roaming\npm\node_modules\yarn\lib\cli.js:66147:18)
      at Request.self.callback (C:\Users\jmroo\AppData\Roaming\npm\node_modules\yarn\lib\cli.js:140883:22)
      at Request.emit (node:events:526:28)
      at Request.<anonymous> (C:\Users\jmroo\AppData\Roaming\npm\node_modules\yarn\lib\cli.js:141855:10)
      at Request.emit (node:events:526:28)
      at IncomingMessage.<anonymous> (C:\Users\jmroo\AppData\Roaming\npm\node_modules\yarn\lib\cli.js:141777:12)
      at Object.onceWrapper (node:events:645:28)
      at IncomingMessage.emit (node:events:538:35)
      at endReadableNT (node:internal/streams/readable:1345:12)
      at processTicksAndRejections (node:internal/process/task_queues:83:21)

npm manifest: 
  {
  	"name": "sveltekit",
  	"version": "0.0.1",
  	"scripts": {
  		"dev": "vite dev",
  		"build": "vite build",
  		"package": "svelte-kit package",
  		"preview": "vite preview",
  		"prepare": "svelte-kit sync",
  		"check": "svelte-check --tsconfig ./tsconfig.json",
  		"check:watch": "svelte-check --tsconfig ./tsconfig.json --watch",
  		"lint": "prettier --check --plugin-search-dir=. .",
  		"format": "prettier --write --plugin-search-dir=. ."
  	},
  	"devDependencies": {
  		"@sveltejs/adapter-auto": "next",
  		"@sveltejs/kit": "next",
  		"@types/cookie": "^0.5.1",
  		"prettier": "^2.6.2",
  		"prettier-plugin-svelte": "^2.7.0",
  		"svelte": "^3.46.0",
  		"svelte-check": "^2.7.1",
  		"svelte-preprocess": "^4.10.6",
  		"tslib": "^2.3.1",
  		"typescript": "^4.7.4",
  		"vite": "^3.0.0"
  	},
  	"type": "module",
  	"dependencies": {
  		"@fontsource/fira-mono": "^4.5.0",
  		"cookie": "^0.4.1"
  	}
  }

yarn manifest: 
  No manifest

Lockfile: 
  No lockfile
